[0.000000] (-) TimerEvent: {}
[0.000249] (mycobot_control) JobQueued: {'identifier': 'mycobot_control', 'dependencies': OrderedDict()}
[0.001014] (mycobot_control) JobStarted: {'identifier': 'mycobot_control'}
[0.099682] (-) TimerEvent: {}
[0.200018] (-) TimerEvent: {}
[0.300308] (-) TimerEvent: {}
[0.400608] (-) TimerEvent: {}
[0.500888] (-) TimerEvent: {}
[0.601148] (-) TimerEvent: {}
[0.701470] (-) TimerEvent: {}
[0.801777] (-) TimerEvent: {}
[0.902056] (-) TimerEvent: {}
[1.002323] (-) TimerEvent: {}
[1.102588] (-) TimerEvent: {}
[1.202835] (-) TimerEvent: {}
[1.303099] (-) TimerEvent: {}
[1.403340] (-) TimerEvent: {}
[1.503607] (-) TimerEvent: {}
[1.603842] (-) TimerEvent: {}
[1.704084] (-) TimerEvent: {}
[1.804342] (-) TimerEvent: {}
[1.904659] (-) TimerEvent: {}
[1.963095] (mycobot_control) Command: {'cmd': ['/usr/bin/python3', '-W', 'ignore:setup.py install is deprecated', '-W', 'ignore:easy_install command is deprecated', 'setup.py', 'egg_info', '--egg-base', '../../build/mycobot_control', 'build', '--build-base', '/home/jetcobot/dev_ws/build/mycobot_control/build', 'install', '--record', '/home/jetcobot/dev_ws/build/mycobot_control/install.log', '--single-version-externally-managed', 'install_data'], 'cwd': '/home/jetcobot/dev_ws/src/mycobot_control', 'env': {'LESSOPEN': '| /usr/bin/lesspipe %s', 'USER': 'jetcobot', 'SSH_CLIENT': '192.168.0.153 37978 22', 'GZ_CONFIG_PATH': '/opt/ros/jazzy/opt/gz_sim_vendor/share/gz:/opt/ros/jazzy/opt/sdformat_vendor/share/gz:/opt/ros/jazzy/opt/gz_gui_vendor/share/gz:/opt/ros/jazzy/opt/gz_transport_vendor/share/gz:/opt/ros/jazzy/opt/gz_rendering_vendor/share/gz:/opt/ros/jazzy/opt/gz_plugin_vendor/share/gz:/opt/ros/jazzy/opt/gz_fuel_tools_vendor/share/gz:/opt/ros/jazzy/opt/gz_msgs_vendor/share/gz:/opt/ros/jazzy/opt/gz_common_vendor/share/gz', 'XDG_SESSION_TYPE': 'tty', 'SHLVL': '1', 'LD_LIBRARY_PATH': '/home/jetcobot/mycobot_ros2/install/mypalletizer_interfaces/lib:/home/jetcobot/mycobot_ros2/install/mycobot_interfaces/lib:/home/jetcobot/mycobot_ros2/install/mecharm_interfaces/lib:/home/jetcobot/henok_ws/install/mypalletizer_interfaces/lib:/home/jetcobot/henok_ws/install/mycobot_interfaces/lib:/home/jetcobot/henok_ws/install/mecharm_interfaces/lib:/opt/ros/jazzy/opt/gz_sim_vendor/lib:/opt/ros/jazzy/opt/gz_sensors_vendor/lib:/opt/ros/jazzy/opt/gz_physics_vendor/lib:/opt/ros/jazzy/opt/sdformat_vendor/lib:/opt/ros/jazzy/opt/rviz_ogre_vendor/lib:/opt/ros/jazzy/lib/aarch64-linux-gnu:/opt/ros/jazzy/opt/gz_gui_vendor/lib:/opt/ros/jazzy/opt/gz_transport_vendor/lib:/opt/ros/jazzy/opt/gz_rendering_vendor/lib:/opt/ros/jazzy/opt/gz_plugin_vendor/lib:/opt/ros/jazzy/opt/gz_fuel_tools_vendor/lib:/opt/ros/jazzy/opt/gz_msgs_vendor/lib:/opt/ros/jazzy/opt/gz_common_vendor/lib:/opt/ros/jazzy/opt/gz_math_vendor/lib:/opt/ros/jazzy/opt/gz_utils_vendor/lib:/opt/ros/jazzy/opt/gz_tools_vendor/lib:/opt/ros/jazzy/opt/gz_ogre_next_vendor/lib:/opt/ros/jazzy/opt/gz_dartsim_vendor/lib:/opt/ros/jazzy/opt/gz_cmake_vendor/lib:/opt/ros/jazzy/lib', 'HOME': '/home/jetcobot', 'OLDPWD': '/home/jetcobot/dev_ws/src', 'SSH_TTY': '/dev/pts/8', 'ROS_PYTHON_VERSION': '3', 'PS1': '(aac0) \\[\\e]0;\\u@\\h: \\w\\a\\]${debian_chroot:+($debian_chroot)}\\[\\033[01;32m\\]\\u@\\h\\[\\033[00m\\]:\\[\\033[01;34m\\]\\w\\[\\033[00m\\]\\$', 'DBUS_SESSION_BUS_ADDRESS': 'unix:path=/run/user/1002/bus', 'DEBUGINFOD_URLS': 'https://debuginfod.ubuntu.com', 'COLCON_PREFIX_PATH': '/home/jetcobot/mycobot_ros2/install:/home/jetcobot/henok_ws/install', 'ROS_DISTRO': 'jazzy', 'LOGNAME': 'jetcobot', '_': '/usr/bin/colcon', 'ROS_VERSION': '2', 'XDG_SESSION_CLASS': 'user', 'TERM': 'xterm-256color', 'XDG_SESSION_ID': '10', 'PATH': '/home/jetcobot/venv/mycobot/bin:/home/jetcobot/.local/bin:/opt/ros/jazzy/opt/gz_msgs_vendor/bin:/opt/ros/jazzy/opt/gz_tools_vendor/bin:/opt/ros/jazzy/opt/gz_ogre_next_vendor/bin:/opt/ros/jazzy/bin:/usr/local/sbin:/usr/local/bin:/usr/sbin:/usr/bin:/sbin:/bin:/usr/games:/usr/local/games:/snap/bin', 'XDG_RUNTIME_DIR': '/run/user/1002', 'DISPLAY': ':1', 'LANG': 'en_US.UTF-8', 'VIRTUAL_ENV_PROMPT': '(aac0)', 'LS_COLORS': 'rs=0:di=01;34:ln=01;36:mh=00:pi=40;33:so=01;35:do=01;35:bd=40;33;01:cd=40;33;01:or=40;31;01:mi=00:su=37;41:sg=30;43:ca=00:tw=30;42:ow=34;42:st=37;44:ex=01;32:*.tar=01;31:*.tgz=01;31:*.arc=01;31:*.arj=01;31:*.taz=01;31:*.lha=01;31:*.lz4=01;31:*.lzh=01;31:*.lzma=01;31:*.tlz=01;31:*.txz=01;31:*.tzo=01;31:*.t7z=01;31:*.zip=01;31:*.z=01;31:*.dz=01;31:*.gz=01;31:*.lrz=01;31:*.lz=01;31:*.lzo=01;31:*.xz=01;31:*.zst=01;31:*.tzst=01;31:*.bz2=01;31:*.bz=01;31:*.tbz=01;31:*.tbz2=01;31:*.tz=01;31:*.deb=01;31:*.rpm=01;31:*.jar=01;31:*.war=01;31:*.ear=01;31:*.sar=01;31:*.rar=01;31:*.alz=01;31:*.ace=01;31:*.zoo=01;31:*.cpio=01;31:*.7z=01;31:*.rz=01;31:*.cab=01;31:*.wim=01;31:*.swm=01;31:*.dwm=01;31:*.esd=01;31:*.avif=01;35:*.jpg=01;35:*.jpeg=01;35:*.mjpg=01;35:*.mjpeg=01;35:*.gif=01;35:*.bmp=01;35:*.pbm=01;35:*.pgm=01;35:*.ppm=01;35:*.tga=01;35:*.xbm=01;35:*.xpm=01;35:*.tif=01;35:*.tiff=01;35:*.png=01;35:*.svg=01;35:*.svgz=01;35:*.mng=01;35:*.pcx=01;35:*.mov=01;35:*.mpg=01;35:*.mpeg=01;35:*.m2v=01;35:*.mkv=01;35:*.webm=01;35:*.webp=01;35:*.ogm=01;35:*.mp4=01;35:*.m4v=01;35:*.mp4v=01;35:*.vob=01;35:*.qt=01;35:*.nuv=01;35:*.wmv=01;35:*.asf=01;35:*.rm=01;35:*.rmvb=01;35:*.flc=01;35:*.avi=01;35:*.fli=01;35:*.flv=01;35:*.gl=01;35:*.dl=01;35:*.xcf=01;35:*.xwd=01;35:*.yuv=01;35:*.cgm=01;35:*.emf=01;35:*.ogv=01;35:*.ogx=01;35:*.aac=00;36:*.au=00;36:*.flac=00;36:*.m4a=00;36:*.mid=00;36:*.midi=00;36:*.mka=00;36:*.mp3=00;36:*.mpc=00;36:*.ogg=00;36:*.ra=00;36:*.wav=00;36:*.oga=00;36:*.opus=00;36:*.spx=00;36:*.xspf=00;36:*~=00;90:*#=00;90:*.bak=00;90:*.crdownload=00;90:*.dpkg-dist=00;90:*.dpkg-new=00;90:*.dpkg-old=00;90:*.dpkg-tmp=00;90:*.old=00;90:*.orig=00;90:*.part=00;90:*.rej=00;90:*.rpmnew=00;90:*.rpmorig=00;90:*.rpmsave=00;90:*.swp=00;90:*.tmp=00;90:*.ucf-dist=00;90:*.ucf-new=00;90:*.ucf-old=00;90:', 'SSH_AUTH_SOCK': '/tmp/ssh-1smzR1ohHQ/agent.3498', 'ROS_DOMAIN_ID': '14', 'AMENT_PREFIX_PATH': '/home/jetcobot/mycobot_ros2/install/ultraarm:/home/jetcobot/mycobot_ros2/install/mypalletizer_communication:/home/jetcobot/mycobot_ros2/install/mypalletizer_interfaces:/home/jetcobot/mycobot_ros2/install/mypalletizer_260_pi:/home/jetcobot/mycobot_ros2/install/mypalletizer_260:/home/jetcobot/mycobot_ros2/install/myarm_m750:/home/jetcobot/mycobot_ros2/install/myarm_c650:/home/jetcobot/mycobot_ros2/install/mycobot_communication:/home/jetcobot/mycobot_ros2/install/mecharm_communication:/home/jetcobot/mycobot_ros2/install/mycobot_interfaces:/home/jetcobot/mycobot_ros2/install/mycobot_630:/home/jetcobot/mycobot_ros2/install/mycobot_600:/home/jetcobot/mycobot_ros2/install/mycobot_320pi:/home/jetcobot/mycobot_ros2/install/mycobot_320_riscv:/home/jetcobot/mycobot_ros2/install/mycobot_320:/home/jetcobot/mycobot_ros2/install/mycobot_280rdkx5_moveit2:/home/jetcobot/mycobot_ros2/install/mycobot_280pi:/home/jetcobot/mycobot_ros2/install/mycobot_280jn:/home/jetcobot/mycobot_ros2/install/mycobot_280arduino_moveit2:/home/jetcobot/mycobot_ros2/install/mycobot_280_x3pi:/home/jetcobot/mycobot_ros2/install/mycobot_280_riscv:/home/jetcobot/mycobot_ros2/install/mycobot_280_rdkx5:/home/jetcobot/mycobot_ros2/install/mycobot_280_moveit2_control:/home/jetcobot/mycobot_ros2/install/mycobot_280_moveit2:/home/jetcobot/mycobot_ros2/install/mycobot_280_arduino:/home/jetcobot/mycobot_ros2/install/mycobot_280:/home/jetcobot/mycobot_ros2/install/mybuddy:/home/jetcobot/mycobot_ros2/install/myarm_300:/home/jetcobot/mycobot_ros2/install/mecharm_pi:/home/jetcobot/mycobot_ros2/install/mecharm:/home/jetcobot/mycobot_ros2/install/mycobot_description:/home/jetcobot/mycobot_ros2/install/mecharm_interfaces:/home/jetcobot/henok_ws/install/ultraarm:/home/jetcobot/henok_ws/install/mypalletizer_communication:/home/jetcobot/henok_ws/install/mypalletizer_interfaces:/home/jetcobot/henok_ws/install/mypalletizer_260_pi:/home/jetcobot/henok_ws/install/mypalletizer_260:/home/jetcobot/henok_ws/install/mycobot_ros2:/home/jetcobot/henok_ws/install/myarm_m750:/home/jetcobot/henok_ws/install/myarm_c650:/home/jetcobot/henok_ws/install/mycobot_communication:/home/jetcobot/henok_ws/install/mecharm_communication:/home/jetcobot/henok_ws/install/mycobot_interfaces:/home/jetcobot/henok_ws/install/mycobot_630:/home/jetcobot/henok_ws/install/mycobot_600:/home/jetcobot/henok_ws/install/mycobot_320pi:/home/jetcobot/henok_ws/install/mycobot_320_riscv:/home/jetcobot/henok_ws/install/mycobot_320:/home/jetcobot/henok_ws/install/mycobot_280rdkx5_moveit2:/home/jetcobot/henok_ws/install/mycobot_280pi:/home/jetcobot/henok_ws/install/mycobot_280jn:/home/jetcobot/henok_ws/install/mycobot_280arduino_moveit2:/home/jetcobot/henok_ws/install/mycobot_280_x3pi:/home/jetcobot/henok_ws/install/mycobot_280_riscv:/home/jetcobot/henok_ws/install/mycobot_280_rdkx5:/home/jetcobot/henok_ws/install/mycobot_280_moveit2_control:/home/jetcobot/henok_ws/install/mycobot_280_moveit2:/home/jetcobot/henok_ws/install/mycobot_280_arduino:/home/jetcobot/henok_ws/install/mycobot_280:/home/jetcobot/henok_ws/install/mybuddy:/home/jetcobot/henok_ws/install/myarm_300:/home/jetcobot/henok_ws/install/mecharm_pi:/home/jetcobot/henok_ws/install/mecharm:/home/jetcobot/henok_ws/install/mycobot_control:/home/jetcobot/henok_ws/install/mecharm_interfaces:/opt/ros/jazzy', 'SHELL': '/bin/bash', 'LESSCLOSE': '/usr/bin/lesspipe %s %s', 'VIRTUAL_ENV': '/home/jetcobot/venv/mycobot', 'ROS_AUTOMATIC_DISCOVERY_RANGE': 'SUBNET', 'PWD': '/home/jetcobot/dev_ws/build/mycobot_control', 'LC_ALL': 'en_US.UTF-8', 'SSH_CONNECTION': '192.168.0.153 37978 192.168.0.161 22', 'XDG_DATA_DIRS': '/usr/share/gnome:/usr/local/share:/usr/share:/var/lib/snapd/desktop', 'PYTHONPATH': '/home/jetcobot/dev_ws/build/mycobot_control/prefix_override:/usr/lib/python3/dist-packages/colcon_core/task/python/colcon_distutils_commands:/home/jetcobot/dev_ws/install/mycobot_control/lib/python3.12/site-packages:/home/jetcobot/mycobot_ros2/install/ultraarm/lib/python3.12/site-packages:/home/jetcobot/mycobot_ros2/install/mypalletizer_communication/lib/python3.12/site-packages:/home/jetcobot/mycobot_ros2/install/mypalletizer_interfaces/lib/python3.12/site-packages:/home/jetcobot/mycobot_ros2/install/mypalletizer_260_pi/lib/python3.12/site-packages:/home/jetcobot/mycobot_ros2/install/mypalletizer_260/lib/python3.12/site-packages:/home/jetcobot/mycobot_ros2/install/myarm_m750/lib/python3.12/site-packages:/home/jetcobot/mycobot_ros2/install/myarm_c650/lib/python3.12/site-packages:/home/jetcobot/mycobot_ros2/install/mycobot_communication/lib/python3.12/site-packages:/home/jetcobot/mycobot_ros2/install/mecharm_communication/lib/python3.12/site-packages:/home/jetcobot/mycobot_ros2/install/mycobot_interfaces/lib/python3.12/site-packages:/home/jetcobot/mycobot_ros2/install/mycobot_630/lib/python3.12/site-packages:/home/jetcobot/mycobot_ros2/install/mycobot_600/lib/python3.12/site-packages:/home/jetcobot/mycobot_ros2/install/mycobot_320pi/lib/python3.12/site-packages:/home/jetcobot/mycobot_ros2/install/mycobot_320_riscv/lib/python3.12/site-packages:/home/jetcobot/mycobot_ros2/install/mycobot_320/lib/python3.12/site-packages:/home/jetcobot/mycobot_ros2/install/mycobot_280pi/lib/python3.12/site-packages:/home/jetcobot/mycobot_ros2/install/mycobot_280jn/lib/python3.12/site-packages:/home/jetcobot/mycobot_ros2/install/mycobot_280_x3pi/lib/python3.12/site-packages:/home/jetcobot/mycobot_ros2/install/mycobot_280_riscv/lib/python3.12/site-packages:/home/jetcobot/mycobot_ros2/install/mycobot_280_rdkx5/lib/python3.12/site-packages:/home/jetcobot/mycobot_ros2/install/mycobot_280_moveit2_control/lib/python3.12/site-packages:/home/jetcobot/mycobot_ros2/install/mycobot_280_arduino/lib/python3.12/site-packages:/home/jetcobot/mycobot_ros2/install/mycobot_280/lib/python3.12/site-packages:/home/jetcobot/mycobot_ros2/install/mybuddy/lib/python3.12/site-packages:/home/jetcobot/mycobot_ros2/install/myarm_300/lib/python3.12/site-packages:/home/jetcobot/mycobot_ros2/install/mecharm_pi/lib/python3.12/site-packages:/home/jetcobot/mycobot_ros2/install/mecharm/lib/python3.12/site-packages:/home/jetcobot/mycobot_ros2/install/mycobot_description/lib/python3.12/site-packages:/home/jetcobot/mycobot_ros2/install/mecharm_interfaces/lib/python3.12/site-packages:/home/jetcobot/henok_ws/install/ultraarm/lib/python3.12/site-packages:/home/jetcobot/henok_ws/install/mypalletizer_communication/lib/python3.12/site-packages:/home/jetcobot/henok_ws/install/mypalletizer_interfaces/lib/python3.12/site-packages:/home/jetcobot/henok_ws/install/mypalletizer_260_pi/lib/python3.12/site-packages:/home/jetcobot/henok_ws/install/mypalletizer_260/lib/python3.12/site-packages:/home/jetcobot/henok_ws/install/mycobot_ros2/lib/python3.12/site-packages:/home/jetcobot/henok_ws/install/myarm_m750/lib/python3.12/site-packages:/home/jetcobot/henok_ws/install/myarm_c650/lib/python3.12/site-packages:/home/jetcobot/henok_ws/install/mycobot_communication/lib/python3.12/site-packages:/home/jetcobot/henok_ws/install/mecharm_communication/lib/python3.12/site-packages:/home/jetcobot/henok_ws/install/mycobot_interfaces/lib/python3.12/site-packages:/home/jetcobot/henok_ws/install/mycobot_630/lib/python3.12/site-packages:/home/jetcobot/henok_ws/install/mycobot_600/lib/python3.12/site-packages:/home/jetcobot/henok_ws/install/mycobot_320pi/lib/python3.12/site-packages:/home/jetcobot/henok_ws/install/mycobot_320_riscv/lib/python3.12/site-packages:/home/jetcobot/henok_ws/install/mycobot_320/lib/python3.12/site-packages:/home/jetcobot/henok_ws/install/mycobot_280pi/lib/python3.12/site-packages:/home/jetcobot/henok_ws/install/mycobot_280jn/lib/python3.12/site-packages:/home/jetcobot/henok_ws/install/mycobot_280_x3pi/lib/python3.12/site-packages:/home/jetcobot/henok_ws/install/mycobot_280_riscv/lib/python3.12/site-packages:/home/jetcobot/henok_ws/install/mycobot_280_rdkx5/lib/python3.12/site-packages:/home/jetcobot/henok_ws/install/mycobot_280_moveit2_control/lib/python3.12/site-packages:/home/jetcobot/henok_ws/install/mycobot_280_arduino/lib/python3.12/site-packages:/home/jetcobot/henok_ws/install/mycobot_280/lib/python3.12/site-packages:/home/jetcobot/henok_ws/install/mybuddy/lib/python3.12/site-packages:/home/jetcobot/henok_ws/install/myarm_300/lib/python3.12/site-packages:/home/jetcobot/henok_ws/install/mecharm_pi/lib/python3.12/site-packages:/home/jetcobot/henok_ws/install/mecharm/lib/python3.12/site-packages:/home/jetcobot/henok_ws/install/mycobot_description/lib/python3.12/site-packages:/home/jetcobot/henok_ws/install/mycobot_control/lib/python3.12/site-packages:/home/jetcobot/henok_ws/install/mecharm_interfaces/lib/python3.12/site-packages:/opt/ros/jazzy/lib/python3.12/site-packages', 'COLCON': '1', 'CMAKE_PREFIX_PATH': '/home/jetcobot/mycobot_ros2/install/mypalletizer_interfaces:/home/jetcobot/mycobot_ros2/install/mycobot_interfaces:/home/jetcobot/mycobot_ros2/install/mycobot_280rdkx5_moveit2:/home/jetcobot/mycobot_ros2/install/mycobot_280arduino_moveit2:/home/jetcobot/mycobot_ros2/install/mycobot_280_moveit2:/home/jetcobot/mycobot_ros2/install/mecharm_interfaces:/home/jetcobot/henok_ws/install/mypalletizer_interfaces:/home/jetcobot/henok_ws/install/mycobot_interfaces:/home/jetcobot/henok_ws/install/mycobot_280rdkx5_moveit2:/home/jetcobot/henok_ws/install/mycobot_280arduino_moveit2:/home/jetcobot/henok_ws/install/mycobot_280_moveit2:/home/jetcobot/henok_ws/install/mecharm_interfaces:/opt/ros/jazzy/opt/gz_sim_vendor:/opt/ros/jazzy/opt/gz_sensors_vendor:/opt/ros/jazzy/opt/gz_physics_vendor:/opt/ros/jazzy/opt/sdformat_vendor:/opt/ros/jazzy/opt/gz_gui_vendor:/opt/ros/jazzy/opt/gz_transport_vendor:/opt/ros/jazzy/opt/gz_rendering_vendor:/opt/ros/jazzy/opt/gz_plugin_vendor:/opt/ros/jazzy/opt/gz_fuel_tools_vendor:/opt/ros/jazzy/opt/gz_msgs_vendor:/opt/ros/jazzy/opt/gz_common_vendor:/opt/ros/jazzy/opt/gz_math_vendor:/opt/ros/jazzy/opt/gz_utils_vendor:/opt/ros/jazzy/opt/gz_tools_vendor:/opt/ros/jazzy/opt/gz_ogre_next_vendor:/opt/ros/jazzy/opt/gz_dartsim_vendor:/opt/ros/jazzy/opt/gz_cmake_vendor'}, 'shell': False}
[2.004749] (-) TimerEvent: {}
[2.105041] (-) TimerEvent: {}
[2.205319] (-) TimerEvent: {}
[2.305591] (-) TimerEvent: {}
[2.405848] (-) TimerEvent: {}
[2.477542] (mycobot_control) StdoutLine: {'line': b'running egg_info\n'}
[2.478033] (mycobot_control) StdoutLine: {'line': b'creating ../../build/mycobot_control/mycobot_control.egg-info\n'}
[2.505933] (-) TimerEvent: {}
[2.515258] (mycobot_control) StdoutLine: {'line': b'writing ../../build/mycobot_control/mycobot_control.egg-info/PKG-INFO\n'}
[2.515704] (mycobot_control) StdoutLine: {'line': b'writing dependency_links to ../../build/mycobot_control/mycobot_control.egg-info/dependency_links.txt\n'}
[2.515953] (mycobot_control) StdoutLine: {'line': b'writing entry points to ../../build/mycobot_control/mycobot_control.egg-info/entry_points.txt\n'}
[2.516152] (mycobot_control) StdoutLine: {'line': b'writing requirements to ../../build/mycobot_control/mycobot_control.egg-info/requires.txt\n'}
[2.516316] (mycobot_control) StdoutLine: {'line': b'writing top-level names to ../../build/mycobot_control/mycobot_control.egg-info/top_level.txt\n'}
[2.516451] (mycobot_control) StdoutLine: {'line': b"writing manifest file '../../build/mycobot_control/mycobot_control.egg-info/SOURCES.txt'\n"}
[2.592845] (mycobot_control) StdoutLine: {'line': b"reading manifest file '../../build/mycobot_control/mycobot_control.egg-info/SOURCES.txt'\n"}
[2.593733] (mycobot_control) StdoutLine: {'line': b"writing manifest file '../../build/mycobot_control/mycobot_control.egg-info/SOURCES.txt'\n"}
[2.593980] (mycobot_control) StdoutLine: {'line': b'running build\n'}
[2.594103] (mycobot_control) StdoutLine: {'line': b'running build_py\n'}
[2.594249] (mycobot_control) StdoutLine: {'line': b'creating /home/jetcobot/dev_ws/build/mycobot_control/build\n'}
[2.594412] (mycobot_control) StdoutLine: {'line': b'creating /home/jetcobot/dev_ws/build/mycobot_control/build/lib\n'}
[2.594591] (mycobot_control) StdoutLine: {'line': b'creating /home/jetcobot/dev_ws/build/mycobot_control/build/lib/mycobot_control\n'}
[2.594714] (mycobot_control) StdoutLine: {'line': b'copying mycobot_control/__init__.py -> /home/jetcobot/dev_ws/build/mycobot_control/build/lib/mycobot_control\n'}
[2.594863] (mycobot_control) StdoutLine: {'line': b'copying mycobot_control/mycobot_node.py -> /home/jetcobot/dev_ws/build/mycobot_control/build/lib/mycobot_control\n'}
[2.595184] (mycobot_control) StdoutLine: {'line': b'running install\n'}
[2.605291] (mycobot_control) StdoutLine: {'line': b'running install_lib\n'}
[2.605996] (-) TimerEvent: {}
[2.643548] (mycobot_control) StdoutLine: {'line': b'creating /home/jetcobot/dev_ws/install/mycobot_control/lib/python3.12/site-packages/mycobot_control\n'}
[2.643828] (mycobot_control) StdoutLine: {'line': b'copying /home/jetcobot/dev_ws/build/mycobot_control/build/lib/mycobot_control/__init__.py -> /home/jetcobot/dev_ws/install/mycobot_control/lib/python3.12/site-packages/mycobot_control\n'}
[2.643942] (mycobot_control) StdoutLine: {'line': b'copying /home/jetcobot/dev_ws/build/mycobot_control/build/lib/mycobot_control/mycobot_node.py -> /home/jetcobot/dev_ws/install/mycobot_control/lib/python3.12/site-packages/mycobot_control\n'}
[2.645503] (mycobot_control) StdoutLine: {'line': b'byte-compiling /home/jetcobot/dev_ws/install/mycobot_control/lib/python3.12/site-packages/mycobot_control/__init__.py to __init__.cpython-312.pyc\n'}
[2.645886] (mycobot_control) StdoutLine: {'line': b'byte-compiling /home/jetcobot/dev_ws/install/mycobot_control/lib/python3.12/site-packages/mycobot_control/mycobot_node.py to mycobot_node.cpython-312.pyc\n'}
[2.646513] (mycobot_control) StdoutLine: {'line': b'running install_data\n'}
[2.646651] (mycobot_control) StdoutLine: {'line': b'creating /home/jetcobot/dev_ws/install/mycobot_control/share/ament_index\n'}
[2.646750] (mycobot_control) StdoutLine: {'line': b'creating /home/jetcobot/dev_ws/install/mycobot_control/share/ament_index/resource_index\n'}
[2.646855] (mycobot_control) StdoutLine: {'line': b'creating /home/jetcobot/dev_ws/install/mycobot_control/share/ament_index/resource_index/packages\n'}
[2.646959] (mycobot_control) StdoutLine: {'line': b'copying resource/mycobot_control -> /home/jetcobot/dev_ws/install/mycobot_control/share/ament_index/resource_index/packages\n'}
[2.647092] (mycobot_control) StdoutLine: {'line': b'copying package.xml -> /home/jetcobot/dev_ws/install/mycobot_control/share/mycobot_control\n'}
[2.647220] (mycobot_control) StdoutLine: {'line': b'running install_egg_info\n'}
[2.689138] (mycobot_control) StdoutLine: {'line': b'Copying ../../build/mycobot_control/mycobot_control.egg-info to /home/jetcobot/dev_ws/install/mycobot_control/lib/python3.12/site-packages/mycobot_control-0.0.0-py3.12.egg-info\n'}
[2.706078] (-) TimerEvent: {}
[2.768161] (mycobot_control) StdoutLine: {'line': b'running install_scripts\n'}
[2.806181] (-) TimerEvent: {}
[2.906459] (-) TimerEvent: {}
[3.006749] (-) TimerEvent: {}
[3.025816] (mycobot_control) StderrLine: {'line': b'Traceback (most recent call last):\n'}
[3.026063] (mycobot_control) StderrLine: {'line': b'  File "/usr/lib/python3/dist-packages/pkg_resources/__init__.py", line 2936, in get_entry_map\n'}
[3.028555] (mycobot_control) StderrLine: {'line': b'    ep_map = self._ep_map\n'}
[3.028692] (mycobot_control) StderrLine: {'line': b'             ^^^^^^^^^^^^\n'}
[3.028778] (mycobot_control) StderrLine: {'line': b'  File "/usr/lib/python3/dist-packages/pkg_resources/__init__.py", line 2902, in __getattr__\n'}
[3.029142] (mycobot_control) StderrLine: {'line': b'    raise AttributeError(attr)\n'}
[3.029284] (mycobot_control) StderrLine: {'line': b"AttributeError: _ep_map. Did you mean: '_dep_map'?\n"}
[3.029436] (mycobot_control) StderrLine: {'line': b'\n'}
[3.029525] (mycobot_control) StderrLine: {'line': b'During handling of the above exception, another exception occurred:\n'}
[3.029600] (mycobot_control) StderrLine: {'line': b'\n'}
[3.029672] (mycobot_control) StderrLine: {'line': b'Traceback (most recent call last):\n'}
[3.029744] (mycobot_control) StderrLine: {'line': b'  File "/home/jetcobot/dev_ws/src/mycobot_control/setup.py", line 5, in <module>\n'}
[3.029816] (mycobot_control) StderrLine: {'line': b'    setup(\n'}
[3.029887] (mycobot_control) StderrLine: {'line': b'  File "/usr/lib/python3/dist-packages/setuptools/__init__.py", line 107, in setup\n'}
[3.030117] (mycobot_control) StderrLine: {'line': b'    return distutils.core.setup(**attrs)\n'}
[3.030251] (mycobot_control) StderrLine: {'line': b'           ^^^^^^^^^^^^^^^^^^^^^^^^^^^^^\n'}
[3.030332] (mycobot_control) StderrLine: {'line': b'  File "/usr/lib/python3/dist-packages/setuptools/_distutils/core.py", line 185, in setup\n'}
[3.030785] (mycobot_control) StderrLine: {'line': b'    return run_commands(dist)\n'}
[3.030907] (mycobot_control) StderrLine: {'line': b'           ^^^^^^^^^^^^^^^^^^\n'}
[3.030992] (mycobot_control) StderrLine: {'line': b'  File "/usr/lib/python3/dist-packages/setuptools/_distutils/core.py", line 201, in run_commands\n'}
[3.031072] (mycobot_control) StderrLine: {'line': b'    dist.run_commands()\n'}
[3.031174] (mycobot_control) StderrLine: {'line': b'  File "/usr/lib/python3/dist-packages/setuptools/_distutils/dist.py", line 969, in run_commands\n'}
[3.032096] (mycobot_control) StderrLine: {'line': b'    self.run_command(cmd)\n'}
[3.032200] (mycobot_control) StderrLine: {'line': b'  File "/usr/lib/python3/dist-packages/setuptools/dist.py", line 1233, in run_command\n'}
[3.033623] (mycobot_control) StderrLine: {'line': b'    super().run_command(command)\n'}
[3.033747] (mycobot_control) StderrLine: {'line': b'  File "/usr/lib/python3/dist-packages/setuptools/_distutils/dist.py", line 988, in run_command\n'}
[3.033903] (mycobot_control) StderrLine: {'line': b'    cmd_obj.run()\n'}
[3.034026] (mycobot_control) StderrLine: {'line': b'  File "/usr/lib/python3/dist-packages/setuptools/command/install.py", line 78, in run\n'}
[3.034332] (mycobot_control) StderrLine: {'line': b'    return orig.install.run(self)\n'}
[3.034467] (mycobot_control) StderrLine: {'line': b'           ^^^^^^^^^^^^^^^^^^^^^^\n'}
[3.034556] (mycobot_control) StderrLine: {'line': b'  File "/usr/lib/python3/dist-packages/setuptools/_distutils/command/install.py", line 708, in run\n'}
[3.035356] (mycobot_control) StderrLine: {'line': b'    self.run_command(cmd_name)\n'}
[3.035479] (mycobot_control) StderrLine: {'line': b'  File "/usr/lib/python3/dist-packages/setuptools/_distutils/cmd.py", line 318, in run_command\n'}
[3.035958] (mycobot_control) StderrLine: {'line': b'    self.distribution.run_command(command)\n'}
[3.036065] (mycobot_control) StderrLine: {'line': b'  File "/usr/lib/python3/dist-packages/setuptools/dist.py", line 1233, in run_command\n'}
[3.036266] (mycobot_control) StderrLine: {'line': b'    super().run_command(command)\n'}
[3.036370] (mycobot_control) StderrLine: {'line': b'  File "/usr/lib/python3/dist-packages/setuptools/_distutils/dist.py", line 988, in run_command\n'}
[3.036542] (mycobot_control) StderrLine: {'line': b'    cmd_obj.run()\n'}
[3.036663] (mycobot_control) StderrLine: {'line': b'  File "/usr/lib/python3/dist-packages/setuptools/command/install_scripts.py", line 25, in run\n'}
[3.036911] (mycobot_control) StderrLine: {'line': b'    self._install_ep_scripts()\n'}
[3.037017] (mycobot_control) StderrLine: {'line': b'  File "/usr/lib/python3/dist-packages/setuptools/command/install_scripts.py", line 49, in _install_ep_scripts\n'}
[3.037145] (mycobot_control) StderrLine: {'line': b'    for args in writer.get_args(dist, cmd.as_header()):\n'}
[3.037231] (mycobot_control) StderrLine: {'line': b'  File "/usr/lib/python3/dist-packages/setuptools/command/easy_install.py", line 2241, in get_args\n'}
[3.039065] (mycobot_control) StderrLine: {'line': b'    for name, ep in dist.get_entry_map(group).items():\n'}
[3.039193] (mycobot_control) StderrLine: {'line': b'                    ^^^^^^^^^^^^^^^^^^^^^^^^^\n'}
[3.039277] (mycobot_control) StderrLine: {'line': b'  File "/usr/lib/python3/dist-packages/pkg_resources/__init__.py", line 2938, in get_entry_map\n'}
[3.039736] (mycobot_control) StderrLine: {'line': b'    ep_map = self._ep_map = EntryPoint.parse_map(\n'}
[3.039866] (mycobot_control) StderrLine: {'line': b'                            ^^^^^^^^^^^^^^^^^^^^^\n'}
[3.039953] (mycobot_control) StderrLine: {'line': b'  File "/usr/lib/python3/dist-packages/pkg_resources/__init__.py", line 2610, in parse_map\n'}
[3.040302] (mycobot_control) StderrLine: {'line': b'    maps[group] = cls.parse_group(group, lines, dist)\n'}
[3.040432] (mycobot_control) StderrLine: {'line': b'                  ^^^^^^^^^^^^^^^^^^^^^^^^^^^^^^^^^^^\n'}
[3.040527] (mycobot_control) StderrLine: {'line': b'  File "/usr/lib/python3/dist-packages/pkg_resources/__init__.py", line 2588, in parse_group\n'}
[3.040896] (mycobot_control) StderrLine: {'line': b'    ep = cls.parse(line, dist)\n'}
[3.041023] (mycobot_control) StderrLine: {'line': b'         ^^^^^^^^^^^^^^^^^^^^^\n'}
[3.041110] (mycobot_control) StderrLine: {'line': b'  File "/usr/lib/python3/dist-packages/pkg_resources/__init__.py", line 2570, in parse\n'}
[3.041474] (mycobot_control) StderrLine: {'line': b"    return cls(res['name'], res['module'], attrs, extras, dist)\n"}
[3.041604] (mycobot_control) StderrLine: {'line': b'           ^^^^^^^^^^^^^^^^^^^^^^^^^^^^^^^^^^^^^^^^^^^^^^^^^^^^\n'}
[3.041688] (mycobot_control) StderrLine: {'line': b'  File "/usr/lib/python3/dist-packages/pkg_resources/__init__.py", line 2487, in __init__\n'}
[3.042049] (mycobot_control) StderrLine: {'line': b'    raise ValueError("Invalid module name", module_name)\n'}
[3.042167] (mycobot_control) StderrLine: {'line': b"ValueError: ('Invalid module name', '.mycobot_node')\n"}
[3.106867] (-) TimerEvent: {}
[3.123688] (mycobot_control) CommandEnded: {'returncode': 1}
[3.124144] (mycobot_control) JobEnded: {'identifier': 'mycobot_control', 'rc': 1}
[3.134218] (-) EventReactorShutdown: {}
