running egg_info
creating ../../build/mycobot_control/mycobot_control.egg-info
writing ../../build/mycobot_control/mycobot_control.egg-info/PKG-INFO
writing dependency_links to ../../build/mycobot_control/mycobot_control.egg-info/dependency_links.txt
writing entry points to ../../build/mycobot_control/mycobot_control.egg-info/entry_points.txt
writing requirements to ../../build/mycobot_control/mycobot_control.egg-info/requires.txt
writing top-level names to ../../build/mycobot_control/mycobot_control.egg-info/top_level.txt
writing manifest file '../../build/mycobot_control/mycobot_control.egg-info/SOURCES.txt'
reading manifest file '../../build/mycobot_control/mycobot_control.egg-info/SOURCES.txt'
writing manifest file '../../build/mycobot_control/mycobot_control.egg-info/SOURCES.txt'
running build
running build_py
creating /home/jetcobot/dev_ws/build/mycobot_control/build
creating /home/jetcobot/dev_ws/build/mycobot_control/build/lib
creating /home/jetcobot/dev_ws/build/mycobot_control/build/lib/mycobot_control
copying mycobot_control/__init__.py -> /home/jetcobot/dev_ws/build/mycobot_control/build/lib/mycobot_control
copying mycobot_control/mycobot_node.py -> /home/jetcobot/dev_ws/build/mycobot_control/build/lib/mycobot_control
running install
running install_lib
creating /home/jetcobot/dev_ws/install/mycobot_control/lib/python3.12/site-packages/mycobot_control
copying /home/jetcobot/dev_ws/build/mycobot_control/build/lib/mycobot_control/__init__.py -> /home/jetcobot/dev_ws/install/mycobot_control/lib/python3.12/site-packages/mycobot_control
copying /home/jetcobot/dev_ws/build/mycobot_control/build/lib/mycobot_control/mycobot_node.py -> /home/jetcobot/dev_ws/install/mycobot_control/lib/python3.12/site-packages/mycobot_control
byte-compiling /home/jetcobot/dev_ws/install/mycobot_control/lib/python3.12/site-packages/mycobot_control/__init__.py to __init__.cpython-312.pyc
byte-compiling /home/jetcobot/dev_ws/install/mycobot_control/lib/python3.12/site-packages/mycobot_control/mycobot_node.py to mycobot_node.cpython-312.pyc
running install_data
creating /home/jetcobot/dev_ws/install/mycobot_control/share/ament_index
creating /home/jetcobot/dev_ws/install/mycobot_control/share/ament_index/resource_index
creating /home/jetcobot/dev_ws/install/mycobot_control/share/ament_index/resource_index/packages
copying resource/mycobot_control -> /home/jetcobot/dev_ws/install/mycobot_control/share/ament_index/resource_index/packages
copying package.xml -> /home/jetcobot/dev_ws/install/mycobot_control/share/mycobot_control
running install_egg_info
Copying ../../build/mycobot_control/mycobot_control.egg-info to /home/jetcobot/dev_ws/install/mycobot_control/lib/python3.12/site-packages/mycobot_control-0.0.0-py3.12.egg-info
running install_scripts
Traceback (most recent call last):
  File "/usr/lib/python3/dist-packages/pkg_resources/__init__.py", line 2936, in get_entry_map
    ep_map = self._ep_map
             ^^^^^^^^^^^^
  File "/usr/lib/python3/dist-packages/pkg_resources/__init__.py", line 2902, in __getattr__
    raise AttributeError(attr)
AttributeError: _ep_map. Did you mean: '_dep_map'?

During handling of the above exception, another exception occurred:

Traceback (most recent call last):
  File "/home/jetcobot/dev_ws/src/mycobot_control/setup.py", line 5, in <module>
    setup(
  File "/usr/lib/python3/dist-packages/setuptools/__init__.py", line 107, in setup
    return distutils.core.setup(**attrs)
           ^^^^^^^^^^^^^^^^^^^^^^^^^^^^^
  File "/usr/lib/python3/dist-packages/setuptools/_distutils/core.py", line 185, in setup
    return run_commands(dist)
           ^^^^^^^^^^^^^^^^^^
  File "/usr/lib/python3/dist-packages/setuptools/_distutils/core.py", line 201, in run_commands
    dist.run_commands()
  File "/usr/lib/python3/dist-packages/setuptools/_distutils/dist.py", line 969, in run_commands
    self.run_command(cmd)
  File "/usr/lib/python3/dist-packages/setuptools/dist.py", line 1233, in run_command
    super().run_command(command)
  File "/usr/lib/python3/dist-packages/setuptools/_distutils/dist.py", line 988, in run_command
    cmd_obj.run()
  File "/usr/lib/python3/dist-packages/setuptools/command/install.py", line 78, in run
    return orig.install.run(self)
           ^^^^^^^^^^^^^^^^^^^^^^
  File "/usr/lib/python3/dist-packages/setuptools/_distutils/command/install.py", line 708, in run
    self.run_command(cmd_name)
  File "/usr/lib/python3/dist-packages/setuptools/_distutils/cmd.py", line 318, in run_command
    self.distribution.run_command(command)
  File "/usr/lib/python3/dist-packages/setuptools/dist.py", line 1233, in run_command
    super().run_command(command)
  File "/usr/lib/python3/dist-packages/setuptools/_distutils/dist.py", line 988, in run_command
    cmd_obj.run()
  File "/usr/lib/python3/dist-packages/setuptools/command/install_scripts.py", line 25, in run
    self._install_ep_scripts()
  File "/usr/lib/python3/dist-packages/setuptools/command/install_scripts.py", line 49, in _install_ep_scripts
    for args in writer.get_args(dist, cmd.as_header()):
  File "/usr/lib/python3/dist-packages/setuptools/command/easy_install.py", line 2241, in get_args
    for name, ep in dist.get_entry_map(group).items():
                    ^^^^^^^^^^^^^^^^^^^^^^^^^
  File "/usr/lib/python3/dist-packages/pkg_resources/__init__.py", line 2938, in get_entry_map
    ep_map = self._ep_map = EntryPoint.parse_map(
                            ^^^^^^^^^^^^^^^^^^^^^
  File "/usr/lib/python3/dist-packages/pkg_resources/__init__.py", line 2610, in parse_map
    maps[group] = cls.parse_group(group, lines, dist)
                  ^^^^^^^^^^^^^^^^^^^^^^^^^^^^^^^^^^^
  File "/usr/lib/python3/dist-packages/pkg_resources/__init__.py", line 2588, in parse_group
    ep = cls.parse(line, dist)
         ^^^^^^^^^^^^^^^^^^^^^
  File "/usr/lib/python3/dist-packages/pkg_resources/__init__.py", line 2570, in parse
    return cls(res['name'], res['module'], attrs, extras, dist)
           ^^^^^^^^^^^^^^^^^^^^^^^^^^^^^^^^^^^^^^^^^^^^^^^^^^^^
  File "/usr/lib/python3/dist-packages/pkg_resources/__init__.py", line 2487, in __init__
    raise ValueError("Invalid module name", module_name)
ValueError: ('Invalid module name', '.mycobot_node')
